0 info it worked if it ends with ok
1 verbose cli [ '/Users/matthias.reis/.nvm/versions/node/v6.9.1/bin/node',
1 verbose cli   '/Users/matthias.reis/.nvm/versions/node/v6.9.1/bin/npm',
1 verbose cli   'run',
1 verbose cli   'c' ]
2 info using npm@3.10.8
3 info using node@v6.9.1
4 verbose run-script [ 'prec', 'c', 'postc' ]
5 info lifecycle lerna-learn@8.0.0~prec: lerna-learn@8.0.0
6 silly lifecycle lerna-learn@8.0.0~prec: no script for prec, continuing
7 info lifecycle lerna-learn@8.0.0~c: lerna-learn@8.0.0
8 verbose lifecycle lerna-learn@8.0.0~c: unsafe-perm in lifecycle true
9 verbose lifecycle lerna-learn@8.0.0~c: PATH: /Users/matthias.reis/.nvm/versions/node/v6.9.1/lib/node_modules/npm/bin/node-gyp-bin:/Users/matthias.reis/dev/rlsr/node_modules/.bin:/Users/matthias.reis/.rvm/gems/ruby-2.1.5/bin:/Users/matthias.reis/.rvm/gems/ruby-2.1.5@global/bin:/Users/matthias.reis/.rvm/rubies/ruby-2.1.5/bin:/Users/matthias.reis/.nvm/versions/node/v6.9.1/bin:~/bin:/usr/local/bin:/usr/bin:/bin:/usr/sbin:/sbin:/opt/X11/bin:/Users/matthias.reis/.rvm/bin
10 verbose lifecycle lerna-learn@8.0.0~c: CWD: /Users/matthias.reis/dev/rlsr
11 silly lifecycle lerna-learn@8.0.0~c: Args: [ '-c', 'git-cz' ]
12 silly lifecycle lerna-learn@8.0.0~c: Returned: code: 1  signal: null
13 info lifecycle lerna-learn@8.0.0~c: Failed to exec c script
14 verbose stack Error: lerna-learn@8.0.0 c: `git-cz`
14 verbose stack Exit status 1
14 verbose stack     at EventEmitter.<anonymous> (/Users/matthias.reis/.nvm/versions/node/v6.9.1/lib/node_modules/npm/lib/utils/lifecycle.js:255:16)
14 verbose stack     at emitTwo (events.js:106:13)
14 verbose stack     at EventEmitter.emit (events.js:191:7)
14 verbose stack     at ChildProcess.<anonymous> (/Users/matthias.reis/.nvm/versions/node/v6.9.1/lib/node_modules/npm/lib/utils/spawn.js:40:14)
14 verbose stack     at emitTwo (events.js:106:13)
14 verbose stack     at ChildProcess.emit (events.js:191:7)
14 verbose stack     at maybeClose (internal/child_process.js:877:16)
14 verbose stack     at Process.ChildProcess._handle.onexit (internal/child_process.js:226:5)
15 verbose pkgid lerna-learn@8.0.0
16 verbose cwd /Users/matthias.reis/dev/rlsr
17 error Darwin 16.1.0
18 error argv "/Users/matthias.reis/.nvm/versions/node/v6.9.1/bin/node" "/Users/matthias.reis/.nvm/versions/node/v6.9.1/bin/npm" "run" "c"
19 error node v6.9.1
20 error npm  v3.10.8
21 error code ELIFECYCLE
22 error lerna-learn@8.0.0 c: `git-cz`
22 error Exit status 1
23 error Failed at the lerna-learn@8.0.0 c script 'git-cz'.
23 error Make sure you have the latest version of node.js and npm installed.
23 error If you do, this is most likely a problem with the lerna-learn package,
23 error not with npm itself.
23 error Tell the author that this fails on your system:
23 error     git-cz
23 error You can get information on how to open an issue for this project with:
23 error     npm bugs lerna-learn
23 error Or if that isn't available, you can get their info via:
23 error     npm owner ls lerna-learn
23 error There is likely additional logging output above.
24 verbose exit [ 1, true ]
